\BOOKMARK [0][-]{chapter.1}{Bevezet\351s}{}% 1
\BOOKMARK [0][-]{chapter.2}{JavaScript technol\363gi\341k \351s keretrendszerek}{}% 2
\BOOKMARK [1][-]{section.2.1}{MVC keretrendszer}{chapter.2}% 3
\BOOKMARK [1][-]{section.2.2}{Az ECMAScript szabv\341ny}{chapter.2}% 4
\BOOKMARK [1][-]{section.2.3}{JavaScript technol\363gi\341k \341ttekint\351se}{chapter.2}% 5
\BOOKMARK [2][-]{subsection.2.3.1}{AngularJS}{section.2.3}% 6
\BOOKMARK [2][-]{subsection.2.3.2}{Angular 2}{section.2.3}% 7
\BOOKMARK [2][-]{subsection.2.3.3}{Vue.js}{section.2.3}% 8
\BOOKMARK [2][-]{subsection.2.3.4}{React}{section.2.3}% 9
\BOOKMARK [2][-]{subsection.2.3.5}{TypeScript}{section.2.3}% 10
\BOOKMARK [2][-]{subsection.2.3.6}{CoffeeScript}{section.2.3}% 11
\BOOKMARK [1][-]{section.2.4}{JavaScript implement\341ci\363k}{chapter.2}% 12
\BOOKMARK [0][-]{chapter.3}{Mintaalkalmaz\341s specifik\341ci\363}{}% 13
\BOOKMARK [0][-]{chapter.4}{AngularJS implement\341ci\363}{}% 14
\BOOKMARK [1][-]{section.4.1}{Routing}{chapter.4}% 15
\BOOKMARK [1][-]{section.4.2}{Form valid\341ci\363}{chapter.4}% 16
\BOOKMARK [1][-]{section.4.3}{Projekt strukt\372ra}{chapter.4}% 17
\BOOKMARK [0][-]{chapter.5}{Angular2 implement\341ci\363}{}% 18
\BOOKMARK [1][-]{section.5.1}{Routing}{chapter.5}% 19
\BOOKMARK [1][-]{section.5.2}{Form valid\341ci\363}{chapter.5}% 20
\BOOKMARK [1][-]{section.5.3}{Projekt strukt\372ra}{chapter.5}% 21
\BOOKMARK [0][-]{chapter.6}{VueJS implement\341ci\363}{}% 22
\BOOKMARK [1][-]{section.6.1}{Routing}{chapter.6}% 23
\BOOKMARK [1][-]{section.6.2}{Form valid\341ci\363}{chapter.6}% 24
\BOOKMARK [1][-]{section.6.3}{Projekt strukt\372ra}{chapter.6}% 25
\BOOKMARK [0][-]{chapter.7}{React implement\341ci\363}{}% 26
\BOOKMARK [1][-]{section.7.1}{Routing}{chapter.7}% 27
\BOOKMARK [1][-]{section.7.2}{Form valid\341ci\363}{chapter.7}% 28
\BOOKMARK [1][-]{section.7.3}{A harcosok t\341bl\341zat\341nak szur\351se}{chapter.7}% 29
\BOOKMARK [1][-]{section.7.4}{Projekt strukt\372ra}{chapter.7}% 30
\BOOKMARK [0][-]{chapter.8}{Auth0 szerv\355z}{}% 31
\BOOKMARK [0][-]{chapter.9}{Keretrendszerek \366sszehasonl\355t\341sa}{}% 32
\BOOKMARK [1][-]{subsection.9.0.1}{Form valid\341ci\363}{chapter.9}% 33
\BOOKMARK [0][-]{chapter.10}{\326sszegz\351s}{}% 34
\BOOKMARK [0][-]{chapter.11}{Summary}{}% 35
\BOOKMARK [0][-]{chapter*.7}{Irodalomjegyz\351k}{}% 36
\BOOKMARK [0][-]{chapter*.8}{Adathordoz\363 haszn\341lati \372tmutat\363}{}% 37
